2018-07-31 15:56:38  response: stdClass::__set_state(array(
   'alipay_trade_refund_response' => 
  stdClass::__set_state(array(
     'code' => '40004',
     'msg' => 'Business Failed',
     'sub_code' => 'ACQ.TRADE_NOT_EXIST',
     'sub_msg' => '交易不存在',
     'refund_fee' => '0.00',
     'send_back_fee' => '0.00',
  )),
   'sign' => 'aIL0uM3UdFs52kspk7hKpXSHvRC2TVOq3bYPo41vJhCNprFQcqlDioLssAyUYHfa8PMgcuEbIQhPphha5Q/M4xUqKiQgXpzY3K7OAoOOcB77SZBQpWqNGyGr9B0vP9fxqBiZqtphBXAVJwNZxsk8K0f8j91MhWPLeoD9l137PlhRPc2OGszLm0/gZOyaSAYn3RI/yIRg7n/RfvGw4vAONGxrw/h04YadECYyUQGrM+QW84L4pG9dceZpB+gNr7aR7+QGJnveeKtf71VexwN/x8kH0yp0P+dJWM4i8ic6AgqX/Y32djmYSyCDuK9PUZlg3+Tcz2I6psxSD6ZLEPapsA==',
))
2018-07-31 16:51:44  response: stdClass::__set_state(array(
   'alipay_trade_refund_response' => 
  stdClass::__set_state(array(
     'code' => '40004',
     'msg' => 'Business Failed',
     'sub_code' => 'ACQ.TRADE_NOT_EXIST',
     'sub_msg' => '交易不存在',
     'refund_fee' => '0.00',
     'send_back_fee' => '0.00',
  )),
   'sign' => 'aIL0uM3UdFs52kspk7hKpXSHvRC2TVOq3bYPo41vJhCNprFQcqlDioLssAyUYHfa8PMgcuEbIQhPphha5Q/M4xUqKiQgXpzY3K7OAoOOcB77SZBQpWqNGyGr9B0vP9fxqBiZqtphBXAVJwNZxsk8K0f8j91MhWPLeoD9l137PlhRPc2OGszLm0/gZOyaSAYn3RI/yIRg7n/RfvGw4vAONGxrw/h04YadECYyUQGrM+QW84L4pG9dceZpB+gNr7aR7+QGJnveeKtf71VexwN/x8kH0yp0P+dJWM4i8ic6AgqX/Y32djmYSyCDuK9PUZlg3+Tcz2I6psxSD6ZLEPapsA==',
))
2018-07-31 17:23:18  response: stdClass::__set_state(array(
   'alipay_trade_refund_response' => 
  stdClass::__set_state(array(
     'code' => '40004',
     'msg' => 'Business Failed',
     'sub_code' => 'ACQ.TRADE_NOT_EXIST',
     'sub_msg' => '交易不存在',
     'refund_fee' => '0.00',
     'send_back_fee' => '0.00',
  )),
   'sign' => 'aIL0uM3UdFs52kspk7hKpXSHvRC2TVOq3bYPo41vJhCNprFQcqlDioLssAyUYHfa8PMgcuEbIQhPphha5Q/M4xUqKiQgXpzY3K7OAoOOcB77SZBQpWqNGyGr9B0vP9fxqBiZqtphBXAVJwNZxsk8K0f8j91MhWPLeoD9l137PlhRPc2OGszLm0/gZOyaSAYn3RI/yIRg7n/RfvGw4vAONGxrw/h04YadECYyUQGrM+QW84L4pG9dceZpB+gNr7aR7+QGJnveeKtf71VexwN/x8kH0yp0P+dJWM4i8ic6AgqX/Y32djmYSyCDuK9PUZlg3+Tcz2I6psxSD6ZLEPapsA==',
))
2018-07-31 17:52:24  response: stdClass::__set_state(array(
   'alipay_trade_refund_response' => 
  stdClass::__set_state(array(
     'code' => '10000',
     'msg' => 'Success',
     'buyer_logon_id' => '152***@163.com',
     'buyer_user_id' => '2088022587748407',
     'fund_change' => 'Y',
     'gmt_refund_pay' => '2018-07-31 17:52:24',
     'out_trade_no' => '2018051953102524',
     'refund_fee' => '0.01',
     'send_back_fee' => '0.00',
     'trade_no' => '2018051921001004400575104900',
  )),
   'sign' => 'xNYvVu6X6m5pBTza9wGK8dKUH/p39v7icgajrCsR7rt0eRKVrBL2bDz20gtXt6tG6iMuJyXQqRFK31N/+AXGWZdlN7H6QZHmhVC5tD7q7YbDsFBpCytPHHdZfSjgxu48AqQC+q5POvIorLKus5UYXhwRHankwdy2A7plxgHZbyZgd4LwWOi1Yo0DDAmboEVbZUrbvKgFoCAlmXKxCPiMz2AUpzfaBAurKS18ImsLvMJ6DX9Usjoetzi5FCPolZob4hcenNmlzJLaPuIPQ0lz+BGIAgb1HNnYlj2pD0Z9XPb4Piz5ybdhPjNUgrBIC/RsT/0HclLnxJCVfkcKjCRGUg==',
))
